[
  {
    "line": 1,
    "elements": [
      {
        "start_timestamp": "2021-10-30T09:28:42.358Z",
        "before": [
          {
            "result": {
              "error_message": "io.cucumber.core.exception.CucumberException: Could not invoke hook defined at \u0027com.learn.SpringBasic.steps.Hooks.InitializeTest()\u0027.\nIt appears there was a problem with the hook definition.\n\tat io.cucumber.core.runner.HookDefinitionMatch.couldNotInvokeHook(HookDefinitionMatch.java:30)\n\tat io.cucumber.core.runner.HookDefinitionMatch.runStep(HookDefinitionMatch.java:23)\n\tat io.cucumber.core.runner.ExecutionMode$1.execute(ExecutionMode.java:10)\n\tat io.cucumber.core.runner.TestStep.executeStep(TestStep.java:92)\n\tat io.cucumber.core.runner.TestStep.run(TestStep.java:64)\n\tat io.cucumber.core.runner.TestCase.run(TestCase.java:98)\n\tat io.cucumber.core.runner.Runner.runPickle(Runner.java:71)\n\tat io.cucumber.testng.TestNGCucumberRunner.lambda$runScenario$0(TestNGCucumberRunner.java:116)\n\tat io.cucumber.core.runtime.CucumberExecutionContext.runTestCase(CucumberExecutionContext.java:117)\n\tat io.cucumber.testng.TestNGCucumberRunner.runScenario(TestNGCucumberRunner.java:113)\n\tat io.cucumber.testng.AbstractTestNGCucumberTests.runScenario(AbstractTestNGCucumberTests.java:31)\n\tat java.base/jdk.internal.reflect.NativeMethodAccessorImpl.invoke0(Native Method)\n\tat java.base/jdk.internal.reflect.NativeMethodAccessorImpl.invoke(NativeMethodAccessorImpl.java:62)\n\tat java.base/jdk.internal.reflect.DelegatingMethodAccessorImpl.invoke(DelegatingMethodAccessorImpl.java:43)\n\tat java.base/java.lang.reflect.Method.invoke(Method.java:566)\n\tat org.testng.internal.MethodInvocationHelper.invokeMethod(MethodInvocationHelper.java:133)\n\tat org.testng.internal.TestInvoker.invokeMethod(TestInvoker.java:598)\n\tat org.testng.internal.TestInvoker.invokeTestMethod(TestInvoker.java:173)\n\tat org.testng.internal.TestMethodWithDataProviderMethodWorker.call(TestMethodWithDataProviderMethodWorker.java:77)\n\tat org.testng.internal.TestMethodWithDataProviderMethodWorker.call(TestMethodWithDataProviderMethodWorker.java:15)\n\tat java.base/java.util.concurrent.FutureTask.run(FutureTask.java:264)\n\tat java.base/java.util.concurrent.Executors$RunnableAdapter.call(Executors.java:515)\n\tat java.base/java.util.concurrent.FutureTask.run(FutureTask.java:264)\n\tat java.base/java.util.concurrent.ThreadPoolExecutor.runWorker(ThreadPoolExecutor.java:1128)\n\tat java.base/java.util.concurrent.ThreadPoolExecutor$Worker.run(ThreadPoolExecutor.java:628)\n\tat java.base/java.lang.Thread.run(Thread.java:834)\nCaused by: io.cucumber.core.backend.CucumberBackendException: Error creating bean with name \u0027com.learn.SpringBasic.steps.Hooks\u0027: Unsatisfied dependency expressed through field \u0027webDriver\u0027; nested exception is org.springframework.beans.factory.NoUniqueBeanDefinitionException: No qualifying bean of type \u0027org.openqa.selenium.WebDriver\u0027 available: expected single matching bean but found 2: getRemoteWebDriverForChrome,getChromeDriver\n\tat io.cucumber.spring.SpringFactory.getInstance(SpringFactory.java:165)\n\tat io.cucumber.java.AbstractGlueDefinition.invokeMethod(AbstractGlueDefinition.java:47)\n\tat io.cucumber.java.JavaHookDefinition.execute(JavaHookDefinition.java:59)\n\tat io.cucumber.core.runner.CoreHookDefinition.execute(CoreHookDefinition.java:46)\n\tat io.cucumber.core.runner.HookDefinitionMatch.runStep(HookDefinitionMatch.java:21)\n\t... 24 more\nCaused by: org.springframework.beans.factory.UnsatisfiedDependencyException: Error creating bean with name \u0027com.learn.SpringBasic.steps.Hooks\u0027: Unsatisfied dependency expressed through field \u0027webDriver\u0027; nested exception is org.springframework.beans.factory.NoUniqueBeanDefinitionException: No qualifying bean of type \u0027org.openqa.selenium.WebDriver\u0027 available: expected single matching bean but found 2: getRemoteWebDriverForChrome,getChromeDriver\n\tat org.springframework.beans.factory.annotation.AutowiredAnnotationBeanPostProcessor$AutowiredFieldElement.resolveFieldValue(AutowiredAnnotationBeanPostProcessor.java:660)\n\tat org.springframework.beans.factory.annotation.AutowiredAnnotationBeanPostProcessor$AutowiredFieldElement.inject(AutowiredAnnotationBeanPostProcessor.java:640)\n\tat org.springframework.beans.factory.annotation.InjectionMetadata.inject(InjectionMetadata.java:119)\n\tat org.springframework.beans.factory.annotation.AutowiredAnnotationBeanPostProcessor.postProcessProperties(AutowiredAnnotationBeanPostProcessor.java:399)\n\tat org.springframework.beans.factory.support.AbstractAutowireCapableBeanFactory.populateBean(AbstractAutowireCapableBeanFactory.java:1413)\n\tat org.springframework.beans.factory.support.AbstractAutowireCapableBeanFactory.doCreateBean(AbstractAutowireCapableBeanFactory.java:601)\n\tat org.springframework.beans.factory.support.AbstractAutowireCapableBeanFactory.createBean(AbstractAutowireCapableBeanFactory.java:524)\n\tat org.springframework.beans.factory.support.AbstractBeanFactory.lambda$doGetBean$1(AbstractBeanFactory.java:374)\n\tat io.cucumber.spring.CucumberScenarioScope.get(CucumberScenarioScope.java:13)\n\tat org.springframework.beans.factory.support.AbstractBeanFactory.doGetBean(AbstractBeanFactory.java:371)\n\tat org.springframework.beans.factory.support.AbstractBeanFactory.getBean(AbstractBeanFactory.java:233)\n\tat org.springframework.beans.factory.support.DefaultListableBeanFactory.resolveNamedBean(DefaultListableBeanFactory.java:1273)\n\tat org.springframework.beans.factory.support.DefaultListableBeanFactory.resolveNamedBean(DefaultListableBeanFactory.java:1234)\n\tat org.springframework.beans.factory.support.DefaultListableBeanFactory.resolveBean(DefaultListableBeanFactory.java:494)\n\tat org.springframework.beans.factory.support.DefaultListableBeanFactory.getBean(DefaultListableBeanFactory.java:349)\n\tat org.springframework.beans.factory.support.DefaultListableBeanFactory.getBean(DefaultListableBeanFactory.java:342)\n\tat org.springframework.context.support.AbstractApplicationContext.getBean(AbstractApplicationContext.java:1171)\n\tat io.cucumber.spring.TestContextAdaptor.getInstance(TestContextAdaptor.java:103)\n\tat io.cucumber.spring.SpringFactory.getInstance(SpringFactory.java:163)\n\t... 28 more\nCaused by: org.springframework.beans.factory.NoUniqueBeanDefinitionException: No qualifying bean of type \u0027org.openqa.selenium.WebDriver\u0027 available: expected single matching bean but found 2: getRemoteWebDriverForChrome,getChromeDriver\n\tat org.springframework.beans.factory.config.DependencyDescriptor.resolveNotUnique(DependencyDescriptor.java:220)\n\tat org.springframework.beans.factory.support.DefaultListableBeanFactory.doResolveDependency(DefaultListableBeanFactory.java:1358)\n\tat org.springframework.beans.factory.support.DefaultListableBeanFactory.resolveDependency(DefaultListableBeanFactory.java:1300)\n\tat org.springframework.beans.factory.annotation.AutowiredAnnotationBeanPostProcessor$AutowiredFieldElement.resolveFieldValue(AutowiredAnnotationBeanPostProcessor.java:657)\n\t... 46 more\n",
              "duration": 12603000,
              "status": "failed"
            },
            "match": {
              "location": "com.learn.SpringBasic.steps.Hooks.InitializeTest()"
            }
          }
        ],
        "line": 4,
        "name": "Login with correct username and password 1",
        "description": "",
        "id": "loginfeature;login-with-correct-username-and-password-1",
        "after": [
          {
            "result": {
              "error_message": "io.cucumber.core.exception.CucumberException: Could not invoke hook defined at \u0027com.learn.SpringBasic.steps.Hooks.TearDownTest(io.cucumber.java.Scenario)\u0027.\nIt appears there was a problem with the hook definition.\n\tat io.cucumber.core.runner.HookDefinitionMatch.couldNotInvokeHook(HookDefinitionMatch.java:30)\n\tat io.cucumber.core.runner.HookDefinitionMatch.runStep(HookDefinitionMatch.java:23)\n\tat io.cucumber.core.runner.ExecutionMode$1.execute(ExecutionMode.java:10)\n\tat io.cucumber.core.runner.TestStep.executeStep(TestStep.java:92)\n\tat io.cucumber.core.runner.TestStep.run(TestStep.java:64)\n\tat io.cucumber.core.runner.TestCase.run(TestCase.java:110)\n\tat io.cucumber.core.runner.Runner.runPickle(Runner.java:71)\n\tat io.cucumber.testng.TestNGCucumberRunner.lambda$runScenario$0(TestNGCucumberRunner.java:116)\n\tat io.cucumber.core.runtime.CucumberExecutionContext.runTestCase(CucumberExecutionContext.java:117)\n\tat io.cucumber.testng.TestNGCucumberRunner.runScenario(TestNGCucumberRunner.java:113)\n\tat io.cucumber.testng.AbstractTestNGCucumberTests.runScenario(AbstractTestNGCucumberTests.java:31)\n\tat java.base/jdk.internal.reflect.NativeMethodAccessorImpl.invoke0(Native Method)\n\tat java.base/jdk.internal.reflect.NativeMethodAccessorImpl.invoke(NativeMethodAccessorImpl.java:62)\n\tat java.base/jdk.internal.reflect.DelegatingMethodAccessorImpl.invoke(DelegatingMethodAccessorImpl.java:43)\n\tat java.base/java.lang.reflect.Method.invoke(Method.java:566)\n\tat org.testng.internal.MethodInvocationHelper.invokeMethod(MethodInvocationHelper.java:133)\n\tat org.testng.internal.TestInvoker.invokeMethod(TestInvoker.java:598)\n\tat org.testng.internal.TestInvoker.invokeTestMethod(TestInvoker.java:173)\n\tat org.testng.internal.TestMethodWithDataProviderMethodWorker.call(TestMethodWithDataProviderMethodWorker.java:77)\n\tat org.testng.internal.TestMethodWithDataProviderMethodWorker.call(TestMethodWithDataProviderMethodWorker.java:15)\n\tat java.base/java.util.concurrent.FutureTask.run(FutureTask.java:264)\n\tat java.base/java.util.concurrent.Executors$RunnableAdapter.call(Executors.java:515)\n\tat java.base/java.util.concurrent.FutureTask.run(FutureTask.java:264)\n\tat java.base/java.util.concurrent.ThreadPoolExecutor.runWorker(ThreadPoolExecutor.java:1128)\n\tat java.base/java.util.concurrent.ThreadPoolExecutor$Worker.run(ThreadPoolExecutor.java:628)\n\tat java.base/java.lang.Thread.run(Thread.java:834)\nCaused by: io.cucumber.core.backend.CucumberBackendException: Error creating bean with name \u0027com.learn.SpringBasic.steps.Hooks\u0027: Unsatisfied dependency expressed through field \u0027webDriver\u0027; nested exception is org.springframework.beans.factory.NoUniqueBeanDefinitionException: No qualifying bean of type \u0027org.openqa.selenium.WebDriver\u0027 available: expected single matching bean but found 2: getRemoteWebDriverForChrome,getChromeDriver\n\tat io.cucumber.spring.SpringFactory.getInstance(SpringFactory.java:165)\n\tat io.cucumber.java.AbstractGlueDefinition.invokeMethod(AbstractGlueDefinition.java:47)\n\tat io.cucumber.java.JavaHookDefinition.execute(JavaHookDefinition.java:59)\n\tat io.cucumber.core.runner.CoreHookDefinition.execute(CoreHookDefinition.java:46)\n\tat io.cucumber.core.runner.HookDefinitionMatch.runStep(HookDefinitionMatch.java:21)\n\t... 24 more\nCaused by: org.springframework.beans.factory.UnsatisfiedDependencyException: Error creating bean with name \u0027com.learn.SpringBasic.steps.Hooks\u0027: Unsatisfied dependency expressed through field \u0027webDriver\u0027; nested exception is org.springframework.beans.factory.NoUniqueBeanDefinitionException: No qualifying bean of type \u0027org.openqa.selenium.WebDriver\u0027 available: expected single matching bean but found 2: getRemoteWebDriverForChrome,getChromeDriver\n\tat org.springframework.beans.factory.annotation.AutowiredAnnotationBeanPostProcessor$AutowiredFieldElement.resolveFieldValue(AutowiredAnnotationBeanPostProcessor.java:660)\n\tat org.springframework.beans.factory.annotation.AutowiredAnnotationBeanPostProcessor$AutowiredFieldElement.inject(AutowiredAnnotationBeanPostProcessor.java:640)\n\tat org.springframework.beans.factory.annotation.InjectionMetadata.inject(InjectionMetadata.java:119)\n\tat org.springframework.beans.factory.annotation.AutowiredAnnotationBeanPostProcessor.postProcessProperties(AutowiredAnnotationBeanPostProcessor.java:399)\n\tat org.springframework.beans.factory.support.AbstractAutowireCapableBeanFactory.populateBean(AbstractAutowireCapableBeanFactory.java:1413)\n\tat org.springframework.beans.factory.support.AbstractAutowireCapableBeanFactory.doCreateBean(AbstractAutowireCapableBeanFactory.java:601)\n\tat org.springframework.beans.factory.support.AbstractAutowireCapableBeanFactory.createBean(AbstractAutowireCapableBeanFactory.java:524)\n\tat org.springframework.beans.factory.support.AbstractBeanFactory.lambda$doGetBean$1(AbstractBeanFactory.java:374)\n\tat io.cucumber.spring.CucumberScenarioScope.get(CucumberScenarioScope.java:13)\n\tat org.springframework.beans.factory.support.AbstractBeanFactory.doGetBean(AbstractBeanFactory.java:371)\n\tat org.springframework.beans.factory.support.AbstractBeanFactory.getBean(AbstractBeanFactory.java:233)\n\tat org.springframework.beans.factory.support.DefaultListableBeanFactory.resolveNamedBean(DefaultListableBeanFactory.java:1273)\n\tat org.springframework.beans.factory.support.DefaultListableBeanFactory.resolveNamedBean(DefaultListableBeanFactory.java:1234)\n\tat org.springframework.beans.factory.support.DefaultListableBeanFactory.resolveBean(DefaultListableBeanFactory.java:494)\n\tat org.springframework.beans.factory.support.DefaultListableBeanFactory.getBean(DefaultListableBeanFactory.java:349)\n\tat org.springframework.beans.factory.support.DefaultListableBeanFactory.getBean(DefaultListableBeanFactory.java:342)\n\tat org.springframework.context.support.AbstractApplicationContext.getBean(AbstractApplicationContext.java:1171)\n\tat io.cucumber.spring.TestContextAdaptor.getInstance(TestContextAdaptor.java:103)\n\tat io.cucumber.spring.SpringFactory.getInstance(SpringFactory.java:163)\n\t... 28 more\nCaused by: org.springframework.beans.factory.NoUniqueBeanDefinitionException: No qualifying bean of type \u0027org.openqa.selenium.WebDriver\u0027 available: expected single matching bean but found 2: getRemoteWebDriverForChrome,getChromeDriver\n\tat org.springframework.beans.factory.config.DependencyDescriptor.resolveNotUnique(DependencyDescriptor.java:220)\n\tat org.springframework.beans.factory.support.DefaultListableBeanFactory.doResolveDependency(DefaultListableBeanFactory.java:1358)\n\tat org.springframework.beans.factory.support.DefaultListableBeanFactory.resolveDependency(DefaultListableBeanFactory.java:1300)\n\tat org.springframework.beans.factory.annotation.AutowiredAnnotationBeanPostProcessor$AutowiredFieldElement.resolveFieldValue(AutowiredAnnotationBeanPostProcessor.java:657)\n\t... 46 more\n",
              "duration": 547000,
              "status": "failed"
            },
            "match": {
              "location": "com.learn.SpringBasic.steps.Hooks.TearDownTest(io.cucumber.java.Scenario)"
            }
          }
        ],
        "type": "scenario",
        "keyword": "Scenario",
        "steps": [
          {
            "result": {
              "duration": 236000,
              "status": "skipped"
            },
            "line": 5,
            "name": "I click login in Home Page",
            "match": {
              "location": "com.learn.SpringBasic.steps.LoginSteps.iClickLoginInHomePage()"
            },
            "keyword": "Given "
          },
          {
            "result": {
              "duration": 25000,
              "status": "skipped"
            },
            "line": 6,
            "name": "I enter the following for Login",
            "match": {
              "location": "com.learn.SpringBasic.steps.HomeSteps.iEnterTheFollowingForLogin(io.cucumber.datatable.DataTable)"
            },
            "rows": [
              {
                "cells": [
                  "username",
                  "password"
                ]
              },
              {
                "cells": [
                  "admin",
                  "password"
                ]
              }
            ],
            "keyword": "And "
          },
          {
            "result": {
              "duration": 26000,
              "status": "skipped"
            },
            "line": 9,
            "name": "I click login button",
            "match": {
              "location": "com.learn.SpringBasic.steps.LoginSteps.iClickLoginButton()"
            },
            "keyword": "And "
          },
          {
            "result": {
              "duration": 20000,
              "status": "skipped"
            },
            "line": 10,
            "name": "I should see the userform page",
            "match": {
              "location": "com.learn.SpringBasic.steps.LoginSteps.iShouldSeeTheUserformPage()"
            },
            "keyword": "Then "
          },
          {
            "result": {
              "duration": 21000,
              "status": "skipped"
            },
            "line": 11,
            "name": "I click logout link",
            "match": {
              "location": "com.learn.SpringBasic.steps.LoginSteps.iClickLogoutLink()"
            },
            "keyword": "And "
          }
        ]
      },
      {
        "start_timestamp": "2021-10-30T09:28:42.358Z",
        "before": [
          {
            "result": {
              "error_message": "io.cucumber.core.exception.CucumberException: Could not invoke hook defined at \u0027com.learn.SpringBasic.steps.Hooks.InitializeTest()\u0027.\nIt appears there was a problem with the hook definition.\n\tat io.cucumber.core.runner.HookDefinitionMatch.couldNotInvokeHook(HookDefinitionMatch.java:30)\n\tat io.cucumber.core.runner.HookDefinitionMatch.runStep(HookDefinitionMatch.java:23)\n\tat io.cucumber.core.runner.ExecutionMode$1.execute(ExecutionMode.java:10)\n\tat io.cucumber.core.runner.TestStep.executeStep(TestStep.java:92)\n\tat io.cucumber.core.runner.TestStep.run(TestStep.java:64)\n\tat io.cucumber.core.runner.TestCase.run(TestCase.java:98)\n\tat io.cucumber.core.runner.Runner.runPickle(Runner.java:71)\n\tat io.cucumber.testng.TestNGCucumberRunner.lambda$runScenario$0(TestNGCucumberRunner.java:116)\n\tat io.cucumber.core.runtime.CucumberExecutionContext.runTestCase(CucumberExecutionContext.java:117)\n\tat io.cucumber.testng.TestNGCucumberRunner.runScenario(TestNGCucumberRunner.java:113)\n\tat io.cucumber.testng.AbstractTestNGCucumberTests.runScenario(AbstractTestNGCucumberTests.java:31)\n\tat java.base/jdk.internal.reflect.NativeMethodAccessorImpl.invoke0(Native Method)\n\tat java.base/jdk.internal.reflect.NativeMethodAccessorImpl.invoke(NativeMethodAccessorImpl.java:62)\n\tat java.base/jdk.internal.reflect.DelegatingMethodAccessorImpl.invoke(DelegatingMethodAccessorImpl.java:43)\n\tat java.base/java.lang.reflect.Method.invoke(Method.java:566)\n\tat org.testng.internal.MethodInvocationHelper.invokeMethod(MethodInvocationHelper.java:133)\n\tat org.testng.internal.TestInvoker.invokeMethod(TestInvoker.java:598)\n\tat org.testng.internal.TestInvoker.invokeTestMethod(TestInvoker.java:173)\n\tat org.testng.internal.TestMethodWithDataProviderMethodWorker.call(TestMethodWithDataProviderMethodWorker.java:77)\n\tat org.testng.internal.TestMethodWithDataProviderMethodWorker.call(TestMethodWithDataProviderMethodWorker.java:15)\n\tat java.base/java.util.concurrent.FutureTask.run(FutureTask.java:264)\n\tat java.base/java.util.concurrent.Executors$RunnableAdapter.call(Executors.java:515)\n\tat java.base/java.util.concurrent.FutureTask.run(FutureTask.java:264)\n\tat java.base/java.util.concurrent.ThreadPoolExecutor.runWorker(ThreadPoolExecutor.java:1128)\n\tat java.base/java.util.concurrent.ThreadPoolExecutor$Worker.run(ThreadPoolExecutor.java:628)\n\tat java.base/java.lang.Thread.run(Thread.java:834)\nCaused by: io.cucumber.core.backend.CucumberBackendException: Error creating bean with name \u0027com.learn.SpringBasic.steps.Hooks\u0027: Unsatisfied dependency expressed through field \u0027webDriver\u0027; nested exception is org.springframework.beans.factory.NoUniqueBeanDefinitionException: No qualifying bean of type \u0027org.openqa.selenium.WebDriver\u0027 available: expected single matching bean but found 2: getRemoteWebDriverForChrome,getChromeDriver\n\tat io.cucumber.spring.SpringFactory.getInstance(SpringFactory.java:165)\n\tat io.cucumber.java.AbstractGlueDefinition.invokeMethod(AbstractGlueDefinition.java:47)\n\tat io.cucumber.java.JavaHookDefinition.execute(JavaHookDefinition.java:59)\n\tat io.cucumber.core.runner.CoreHookDefinition.execute(CoreHookDefinition.java:46)\n\tat io.cucumber.core.runner.HookDefinitionMatch.runStep(HookDefinitionMatch.java:21)\n\t... 24 more\nCaused by: org.springframework.beans.factory.UnsatisfiedDependencyException: Error creating bean with name \u0027com.learn.SpringBasic.steps.Hooks\u0027: Unsatisfied dependency expressed through field \u0027webDriver\u0027; nested exception is org.springframework.beans.factory.NoUniqueBeanDefinitionException: No qualifying bean of type \u0027org.openqa.selenium.WebDriver\u0027 available: expected single matching bean but found 2: getRemoteWebDriverForChrome,getChromeDriver\n\tat org.springframework.beans.factory.annotation.AutowiredAnnotationBeanPostProcessor$AutowiredFieldElement.resolveFieldValue(AutowiredAnnotationBeanPostProcessor.java:660)\n\tat org.springframework.beans.factory.annotation.AutowiredAnnotationBeanPostProcessor$AutowiredFieldElement.inject(AutowiredAnnotationBeanPostProcessor.java:640)\n\tat org.springframework.beans.factory.annotation.InjectionMetadata.inject(InjectionMetadata.java:119)\n\tat org.springframework.beans.factory.annotation.AutowiredAnnotationBeanPostProcessor.postProcessProperties(AutowiredAnnotationBeanPostProcessor.java:399)\n\tat org.springframework.beans.factory.support.AbstractAutowireCapableBeanFactory.populateBean(AbstractAutowireCapableBeanFactory.java:1413)\n\tat org.springframework.beans.factory.support.AbstractAutowireCapableBeanFactory.doCreateBean(AbstractAutowireCapableBeanFactory.java:601)\n\tat org.springframework.beans.factory.support.AbstractAutowireCapableBeanFactory.createBean(AbstractAutowireCapableBeanFactory.java:524)\n\tat org.springframework.beans.factory.support.AbstractBeanFactory.lambda$doGetBean$1(AbstractBeanFactory.java:374)\n\tat io.cucumber.spring.CucumberScenarioScope.get(CucumberScenarioScope.java:13)\n\tat org.springframework.beans.factory.support.AbstractBeanFactory.doGetBean(AbstractBeanFactory.java:371)\n\tat org.springframework.beans.factory.support.AbstractBeanFactory.getBean(AbstractBeanFactory.java:233)\n\tat org.springframework.beans.factory.support.DefaultListableBeanFactory.resolveNamedBean(DefaultListableBeanFactory.java:1273)\n\tat org.springframework.beans.factory.support.DefaultListableBeanFactory.resolveNamedBean(DefaultListableBeanFactory.java:1234)\n\tat org.springframework.beans.factory.support.DefaultListableBeanFactory.resolveBean(DefaultListableBeanFactory.java:494)\n\tat org.springframework.beans.factory.support.DefaultListableBeanFactory.getBean(DefaultListableBeanFactory.java:349)\n\tat org.springframework.beans.factory.support.DefaultListableBeanFactory.getBean(DefaultListableBeanFactory.java:342)\n\tat org.springframework.context.support.AbstractApplicationContext.getBean(AbstractApplicationContext.java:1171)\n\tat io.cucumber.spring.TestContextAdaptor.getInstance(TestContextAdaptor.java:103)\n\tat io.cucumber.spring.SpringFactory.getInstance(SpringFactory.java:163)\n\t... 28 more\nCaused by: org.springframework.beans.factory.NoUniqueBeanDefinitionException: No qualifying bean of type \u0027org.openqa.selenium.WebDriver\u0027 available: expected single matching bean but found 2: getRemoteWebDriverForChrome,getChromeDriver\n\tat org.springframework.beans.factory.config.DependencyDescriptor.resolveNotUnique(DependencyDescriptor.java:220)\n\tat org.springframework.beans.factory.support.DefaultListableBeanFactory.doResolveDependency(DefaultListableBeanFactory.java:1358)\n\tat org.springframework.beans.factory.support.DefaultListableBeanFactory.resolveDependency(DefaultListableBeanFactory.java:1300)\n\tat org.springframework.beans.factory.annotation.AutowiredAnnotationBeanPostProcessor$AutowiredFieldElement.resolveFieldValue(AutowiredAnnotationBeanPostProcessor.java:657)\n\t... 46 more\n",
              "duration": 12586000,
              "status": "failed"
            },
            "match": {
              "location": "com.learn.SpringBasic.steps.Hooks.InitializeTest()"
            }
          }
        ],
        "line": 13,
        "name": "Login with correct username and password 2",
        "description": "",
        "id": "loginfeature;login-with-correct-username-and-password-2",
        "after": [
          {
            "result": {
              "error_message": "io.cucumber.core.exception.CucumberException: Could not invoke hook defined at \u0027com.learn.SpringBasic.steps.Hooks.TearDownTest(io.cucumber.java.Scenario)\u0027.\nIt appears there was a problem with the hook definition.\n\tat io.cucumber.core.runner.HookDefinitionMatch.couldNotInvokeHook(HookDefinitionMatch.java:30)\n\tat io.cucumber.core.runner.HookDefinitionMatch.runStep(HookDefinitionMatch.java:23)\n\tat io.cucumber.core.runner.ExecutionMode$1.execute(ExecutionMode.java:10)\n\tat io.cucumber.core.runner.TestStep.executeStep(TestStep.java:92)\n\tat io.cucumber.core.runner.TestStep.run(TestStep.java:64)\n\tat io.cucumber.core.runner.TestCase.run(TestCase.java:110)\n\tat io.cucumber.core.runner.Runner.runPickle(Runner.java:71)\n\tat io.cucumber.testng.TestNGCucumberRunner.lambda$runScenario$0(TestNGCucumberRunner.java:116)\n\tat io.cucumber.core.runtime.CucumberExecutionContext.runTestCase(CucumberExecutionContext.java:117)\n\tat io.cucumber.testng.TestNGCucumberRunner.runScenario(TestNGCucumberRunner.java:113)\n\tat io.cucumber.testng.AbstractTestNGCucumberTests.runScenario(AbstractTestNGCucumberTests.java:31)\n\tat java.base/jdk.internal.reflect.NativeMethodAccessorImpl.invoke0(Native Method)\n\tat java.base/jdk.internal.reflect.NativeMethodAccessorImpl.invoke(NativeMethodAccessorImpl.java:62)\n\tat java.base/jdk.internal.reflect.DelegatingMethodAccessorImpl.invoke(DelegatingMethodAccessorImpl.java:43)\n\tat java.base/java.lang.reflect.Method.invoke(Method.java:566)\n\tat org.testng.internal.MethodInvocationHelper.invokeMethod(MethodInvocationHelper.java:133)\n\tat org.testng.internal.TestInvoker.invokeMethod(TestInvoker.java:598)\n\tat org.testng.internal.TestInvoker.invokeTestMethod(TestInvoker.java:173)\n\tat org.testng.internal.TestMethodWithDataProviderMethodWorker.call(TestMethodWithDataProviderMethodWorker.java:77)\n\tat org.testng.internal.TestMethodWithDataProviderMethodWorker.call(TestMethodWithDataProviderMethodWorker.java:15)\n\tat java.base/java.util.concurrent.FutureTask.run(FutureTask.java:264)\n\tat java.base/java.util.concurrent.Executors$RunnableAdapter.call(Executors.java:515)\n\tat java.base/java.util.concurrent.FutureTask.run(FutureTask.java:264)\n\tat java.base/java.util.concurrent.ThreadPoolExecutor.runWorker(ThreadPoolExecutor.java:1128)\n\tat java.base/java.util.concurrent.ThreadPoolExecutor$Worker.run(ThreadPoolExecutor.java:628)\n\tat java.base/java.lang.Thread.run(Thread.java:834)\nCaused by: io.cucumber.core.backend.CucumberBackendException: Error creating bean with name \u0027com.learn.SpringBasic.steps.Hooks\u0027: Unsatisfied dependency expressed through field \u0027webDriver\u0027; nested exception is org.springframework.beans.factory.NoUniqueBeanDefinitionException: No qualifying bean of type \u0027org.openqa.selenium.WebDriver\u0027 available: expected single matching bean but found 2: getRemoteWebDriverForChrome,getChromeDriver\n\tat io.cucumber.spring.SpringFactory.getInstance(SpringFactory.java:165)\n\tat io.cucumber.java.AbstractGlueDefinition.invokeMethod(AbstractGlueDefinition.java:47)\n\tat io.cucumber.java.JavaHookDefinition.execute(JavaHookDefinition.java:59)\n\tat io.cucumber.core.runner.CoreHookDefinition.execute(CoreHookDefinition.java:46)\n\tat io.cucumber.core.runner.HookDefinitionMatch.runStep(HookDefinitionMatch.java:21)\n\t... 24 more\nCaused by: org.springframework.beans.factory.UnsatisfiedDependencyException: Error creating bean with name \u0027com.learn.SpringBasic.steps.Hooks\u0027: Unsatisfied dependency expressed through field \u0027webDriver\u0027; nested exception is org.springframework.beans.factory.NoUniqueBeanDefinitionException: No qualifying bean of type \u0027org.openqa.selenium.WebDriver\u0027 available: expected single matching bean but found 2: getRemoteWebDriverForChrome,getChromeDriver\n\tat org.springframework.beans.factory.annotation.AutowiredAnnotationBeanPostProcessor$AutowiredFieldElement.resolveFieldValue(AutowiredAnnotationBeanPostProcessor.java:660)\n\tat org.springframework.beans.factory.annotation.AutowiredAnnotationBeanPostProcessor$AutowiredFieldElement.inject(AutowiredAnnotationBeanPostProcessor.java:640)\n\tat org.springframework.beans.factory.annotation.InjectionMetadata.inject(InjectionMetadata.java:119)\n\tat org.springframework.beans.factory.annotation.AutowiredAnnotationBeanPostProcessor.postProcessProperties(AutowiredAnnotationBeanPostProcessor.java:399)\n\tat org.springframework.beans.factory.support.AbstractAutowireCapableBeanFactory.populateBean(AbstractAutowireCapableBeanFactory.java:1413)\n\tat org.springframework.beans.factory.support.AbstractAutowireCapableBeanFactory.doCreateBean(AbstractAutowireCapableBeanFactory.java:601)\n\tat org.springframework.beans.factory.support.AbstractAutowireCapableBeanFactory.createBean(AbstractAutowireCapableBeanFactory.java:524)\n\tat org.springframework.beans.factory.support.AbstractBeanFactory.lambda$doGetBean$1(AbstractBeanFactory.java:374)\n\tat io.cucumber.spring.CucumberScenarioScope.get(CucumberScenarioScope.java:13)\n\tat org.springframework.beans.factory.support.AbstractBeanFactory.doGetBean(AbstractBeanFactory.java:371)\n\tat org.springframework.beans.factory.support.AbstractBeanFactory.getBean(AbstractBeanFactory.java:233)\n\tat org.springframework.beans.factory.support.DefaultListableBeanFactory.resolveNamedBean(DefaultListableBeanFactory.java:1273)\n\tat org.springframework.beans.factory.support.DefaultListableBeanFactory.resolveNamedBean(DefaultListableBeanFactory.java:1234)\n\tat org.springframework.beans.factory.support.DefaultListableBeanFactory.resolveBean(DefaultListableBeanFactory.java:494)\n\tat org.springframework.beans.factory.support.DefaultListableBeanFactory.getBean(DefaultListableBeanFactory.java:349)\n\tat org.springframework.beans.factory.support.DefaultListableBeanFactory.getBean(DefaultListableBeanFactory.java:342)\n\tat org.springframework.context.support.AbstractApplicationContext.getBean(AbstractApplicationContext.java:1171)\n\tat io.cucumber.spring.TestContextAdaptor.getInstance(TestContextAdaptor.java:103)\n\tat io.cucumber.spring.SpringFactory.getInstance(SpringFactory.java:163)\n\t... 28 more\nCaused by: org.springframework.beans.factory.NoUniqueBeanDefinitionException: No qualifying bean of type \u0027org.openqa.selenium.WebDriver\u0027 available: expected single matching bean but found 2: getRemoteWebDriverForChrome,getChromeDriver\n\tat org.springframework.beans.factory.config.DependencyDescriptor.resolveNotUnique(DependencyDescriptor.java:220)\n\tat org.springframework.beans.factory.support.DefaultListableBeanFactory.doResolveDependency(DefaultListableBeanFactory.java:1358)\n\tat org.springframework.beans.factory.support.DefaultListableBeanFactory.resolveDependency(DefaultListableBeanFactory.java:1300)\n\tat org.springframework.beans.factory.annotation.AutowiredAnnotationBeanPostProcessor$AutowiredFieldElement.resolveFieldValue(AutowiredAnnotationBeanPostProcessor.java:657)\n\t... 46 more\n",
              "duration": 912000,
              "status": "failed"
            },
            "match": {
              "location": "com.learn.SpringBasic.steps.Hooks.TearDownTest(io.cucumber.java.Scenario)"
            }
          }
        ],
        "type": "scenario",
        "keyword": "Scenario",
        "steps": [
          {
            "result": {
              "duration": 34000,
              "status": "skipped"
            },
            "line": 14,
            "name": "I click login in Home Page",
            "match": {
              "location": "com.learn.SpringBasic.steps.LoginSteps.iClickLoginInHomePage()"
            },
            "keyword": "Given "
          },
          {
            "result": {
              "duration": 27000,
              "status": "skipped"
            },
            "line": 15,
            "name": "I enter the following for Login",
            "match": {
              "location": "com.learn.SpringBasic.steps.HomeSteps.iEnterTheFollowingForLogin(io.cucumber.datatable.DataTable)"
            },
            "rows": [
              {
                "cells": [
                  "username",
                  "password"
                ]
              },
              {
                "cells": [
                  "admin",
                  "password2"
                ]
              }
            ],
            "keyword": "And "
          },
          {
            "result": {
              "duration": 181000,
              "status": "skipped"
            },
            "line": 18,
            "name": "I click login button",
            "match": {
              "location": "com.learn.SpringBasic.steps.LoginSteps.iClickLoginButton()"
            },
            "keyword": "And "
          },
          {
            "result": {
              "duration": 83000,
              "status": "skipped"
            },
            "line": 19,
            "name": "I should see the userform page",
            "match": {
              "location": "com.learn.SpringBasic.steps.LoginSteps.iShouldSeeTheUserformPage()"
            },
            "keyword": "Then "
          }
        ]
      }
    ],
    "name": "LoginFeature",
    "description": "  This feature deals with the login functionality of the application",
    "id": "loginfeature",
    "keyword": "Feature",
    "uri": "file:src/test/java/com/learn/SpringBasic/features/Login.feature",
    "tags": []
  },
  {
    "line": 1,
    "elements": [
      {
        "start_timestamp": "2021-10-30T09:28:42.358Z",
        "before": [
          {
            "result": {
              "error_message": "io.cucumber.core.exception.CucumberException: Could not invoke hook defined at \u0027com.learn.SpringBasic.steps.Hooks.InitializeTest()\u0027.\nIt appears there was a problem with the hook definition.\n\tat io.cucumber.core.runner.HookDefinitionMatch.couldNotInvokeHook(HookDefinitionMatch.java:30)\n\tat io.cucumber.core.runner.HookDefinitionMatch.runStep(HookDefinitionMatch.java:23)\n\tat io.cucumber.core.runner.ExecutionMode$1.execute(ExecutionMode.java:10)\n\tat io.cucumber.core.runner.TestStep.executeStep(TestStep.java:92)\n\tat io.cucumber.core.runner.TestStep.run(TestStep.java:64)\n\tat io.cucumber.core.runner.TestCase.run(TestCase.java:98)\n\tat io.cucumber.core.runner.Runner.runPickle(Runner.java:71)\n\tat io.cucumber.testng.TestNGCucumberRunner.lambda$runScenario$0(TestNGCucumberRunner.java:116)\n\tat io.cucumber.core.runtime.CucumberExecutionContext.runTestCase(CucumberExecutionContext.java:117)\n\tat io.cucumber.testng.TestNGCucumberRunner.runScenario(TestNGCucumberRunner.java:113)\n\tat io.cucumber.testng.AbstractTestNGCucumberTests.runScenario(AbstractTestNGCucumberTests.java:31)\n\tat java.base/jdk.internal.reflect.NativeMethodAccessorImpl.invoke0(Native Method)\n\tat java.base/jdk.internal.reflect.NativeMethodAccessorImpl.invoke(NativeMethodAccessorImpl.java:62)\n\tat java.base/jdk.internal.reflect.DelegatingMethodAccessorImpl.invoke(DelegatingMethodAccessorImpl.java:43)\n\tat java.base/java.lang.reflect.Method.invoke(Method.java:566)\n\tat org.testng.internal.MethodInvocationHelper.invokeMethod(MethodInvocationHelper.java:133)\n\tat org.testng.internal.TestInvoker.invokeMethod(TestInvoker.java:598)\n\tat org.testng.internal.TestInvoker.invokeTestMethod(TestInvoker.java:173)\n\tat org.testng.internal.TestMethodWithDataProviderMethodWorker.call(TestMethodWithDataProviderMethodWorker.java:77)\n\tat org.testng.internal.TestMethodWithDataProviderMethodWorker.call(TestMethodWithDataProviderMethodWorker.java:15)\n\tat java.base/java.util.concurrent.FutureTask.run(FutureTask.java:264)\n\tat java.base/java.util.concurrent.Executors$RunnableAdapter.call(Executors.java:515)\n\tat java.base/java.util.concurrent.FutureTask.run(FutureTask.java:264)\n\tat java.base/java.util.concurrent.ThreadPoolExecutor.runWorker(ThreadPoolExecutor.java:1128)\n\tat java.base/java.util.concurrent.ThreadPoolExecutor$Worker.run(ThreadPoolExecutor.java:628)\n\tat java.base/java.lang.Thread.run(Thread.java:834)\nCaused by: io.cucumber.core.backend.CucumberBackendException: Error creating bean with name \u0027com.learn.SpringBasic.steps.Hooks\u0027: Unsatisfied dependency expressed through field \u0027webDriver\u0027; nested exception is org.springframework.beans.factory.NoUniqueBeanDefinitionException: No qualifying bean of type \u0027org.openqa.selenium.WebDriver\u0027 available: expected single matching bean but found 2: getRemoteWebDriverForChrome,getChromeDriver\n\tat io.cucumber.spring.SpringFactory.getInstance(SpringFactory.java:165)\n\tat io.cucumber.java.AbstractGlueDefinition.invokeMethod(AbstractGlueDefinition.java:47)\n\tat io.cucumber.java.JavaHookDefinition.execute(JavaHookDefinition.java:59)\n\tat io.cucumber.core.runner.CoreHookDefinition.execute(CoreHookDefinition.java:46)\n\tat io.cucumber.core.runner.HookDefinitionMatch.runStep(HookDefinitionMatch.java:21)\n\t... 24 more\nCaused by: org.springframework.beans.factory.UnsatisfiedDependencyException: Error creating bean with name \u0027com.learn.SpringBasic.steps.Hooks\u0027: Unsatisfied dependency expressed through field \u0027webDriver\u0027; nested exception is org.springframework.beans.factory.NoUniqueBeanDefinitionException: No qualifying bean of type \u0027org.openqa.selenium.WebDriver\u0027 available: expected single matching bean but found 2: getRemoteWebDriverForChrome,getChromeDriver\n\tat org.springframework.beans.factory.annotation.AutowiredAnnotationBeanPostProcessor$AutowiredFieldElement.resolveFieldValue(AutowiredAnnotationBeanPostProcessor.java:660)\n\tat org.springframework.beans.factory.annotation.AutowiredAnnotationBeanPostProcessor$AutowiredFieldElement.inject(AutowiredAnnotationBeanPostProcessor.java:640)\n\tat org.springframework.beans.factory.annotation.InjectionMetadata.inject(InjectionMetadata.java:119)\n\tat org.springframework.beans.factory.annotation.AutowiredAnnotationBeanPostProcessor.postProcessProperties(AutowiredAnnotationBeanPostProcessor.java:399)\n\tat org.springframework.beans.factory.support.AbstractAutowireCapableBeanFactory.populateBean(AbstractAutowireCapableBeanFactory.java:1413)\n\tat org.springframework.beans.factory.support.AbstractAutowireCapableBeanFactory.doCreateBean(AbstractAutowireCapableBeanFactory.java:601)\n\tat org.springframework.beans.factory.support.AbstractAutowireCapableBeanFactory.createBean(AbstractAutowireCapableBeanFactory.java:524)\n\tat org.springframework.beans.factory.support.AbstractBeanFactory.lambda$doGetBean$1(AbstractBeanFactory.java:374)\n\tat io.cucumber.spring.CucumberScenarioScope.get(CucumberScenarioScope.java:13)\n\tat org.springframework.beans.factory.support.AbstractBeanFactory.doGetBean(AbstractBeanFactory.java:371)\n\tat org.springframework.beans.factory.support.AbstractBeanFactory.getBean(AbstractBeanFactory.java:233)\n\tat org.springframework.beans.factory.support.DefaultListableBeanFactory.resolveNamedBean(DefaultListableBeanFactory.java:1273)\n\tat org.springframework.beans.factory.support.DefaultListableBeanFactory.resolveNamedBean(DefaultListableBeanFactory.java:1234)\n\tat org.springframework.beans.factory.support.DefaultListableBeanFactory.resolveBean(DefaultListableBeanFactory.java:494)\n\tat org.springframework.beans.factory.support.DefaultListableBeanFactory.getBean(DefaultListableBeanFactory.java:349)\n\tat org.springframework.beans.factory.support.DefaultListableBeanFactory.getBean(DefaultListableBeanFactory.java:342)\n\tat org.springframework.context.support.AbstractApplicationContext.getBean(AbstractApplicationContext.java:1171)\n\tat io.cucumber.spring.TestContextAdaptor.getInstance(TestContextAdaptor.java:103)\n\tat io.cucumber.spring.SpringFactory.getInstance(SpringFactory.java:163)\n\t... 28 more\nCaused by: org.springframework.beans.factory.NoUniqueBeanDefinitionException: No qualifying bean of type \u0027org.openqa.selenium.WebDriver\u0027 available: expected single matching bean but found 2: getRemoteWebDriverForChrome,getChromeDriver\n\tat org.springframework.beans.factory.config.DependencyDescriptor.resolveNotUnique(DependencyDescriptor.java:220)\n\tat org.springframework.beans.factory.support.DefaultListableBeanFactory.doResolveDependency(DefaultListableBeanFactory.java:1358)\n\tat org.springframework.beans.factory.support.DefaultListableBeanFactory.resolveDependency(DefaultListableBeanFactory.java:1300)\n\tat org.springframework.beans.factory.annotation.AutowiredAnnotationBeanPostProcessor$AutowiredFieldElement.resolveFieldValue(AutowiredAnnotationBeanPostProcessor.java:657)\n\t... 46 more\n",
              "duration": 12582000,
              "status": "failed"
            },
            "match": {
              "location": "com.learn.SpringBasic.steps.Hooks.InitializeTest()"
            }
          }
        ],
        "line": 4,
        "name": "Login with correct username and password 3",
        "description": "",
        "id": "loginfeature-again;login-with-correct-username-and-password-3",
        "after": [
          {
            "result": {
              "error_message": "io.cucumber.core.exception.CucumberException: Could not invoke hook defined at \u0027com.learn.SpringBasic.steps.Hooks.TearDownTest(io.cucumber.java.Scenario)\u0027.\nIt appears there was a problem with the hook definition.\n\tat io.cucumber.core.runner.HookDefinitionMatch.couldNotInvokeHook(HookDefinitionMatch.java:30)\n\tat io.cucumber.core.runner.HookDefinitionMatch.runStep(HookDefinitionMatch.java:23)\n\tat io.cucumber.core.runner.ExecutionMode$1.execute(ExecutionMode.java:10)\n\tat io.cucumber.core.runner.TestStep.executeStep(TestStep.java:92)\n\tat io.cucumber.core.runner.TestStep.run(TestStep.java:64)\n\tat io.cucumber.core.runner.TestCase.run(TestCase.java:110)\n\tat io.cucumber.core.runner.Runner.runPickle(Runner.java:71)\n\tat io.cucumber.testng.TestNGCucumberRunner.lambda$runScenario$0(TestNGCucumberRunner.java:116)\n\tat io.cucumber.core.runtime.CucumberExecutionContext.runTestCase(CucumberExecutionContext.java:117)\n\tat io.cucumber.testng.TestNGCucumberRunner.runScenario(TestNGCucumberRunner.java:113)\n\tat io.cucumber.testng.AbstractTestNGCucumberTests.runScenario(AbstractTestNGCucumberTests.java:31)\n\tat java.base/jdk.internal.reflect.NativeMethodAccessorImpl.invoke0(Native Method)\n\tat java.base/jdk.internal.reflect.NativeMethodAccessorImpl.invoke(NativeMethodAccessorImpl.java:62)\n\tat java.base/jdk.internal.reflect.DelegatingMethodAccessorImpl.invoke(DelegatingMethodAccessorImpl.java:43)\n\tat java.base/java.lang.reflect.Method.invoke(Method.java:566)\n\tat org.testng.internal.MethodInvocationHelper.invokeMethod(MethodInvocationHelper.java:133)\n\tat org.testng.internal.TestInvoker.invokeMethod(TestInvoker.java:598)\n\tat org.testng.internal.TestInvoker.invokeTestMethod(TestInvoker.java:173)\n\tat org.testng.internal.TestMethodWithDataProviderMethodWorker.call(TestMethodWithDataProviderMethodWorker.java:77)\n\tat org.testng.internal.TestMethodWithDataProviderMethodWorker.call(TestMethodWithDataProviderMethodWorker.java:15)\n\tat java.base/java.util.concurrent.FutureTask.run(FutureTask.java:264)\n\tat java.base/java.util.concurrent.Executors$RunnableAdapter.call(Executors.java:515)\n\tat java.base/java.util.concurrent.FutureTask.run(FutureTask.java:264)\n\tat java.base/java.util.concurrent.ThreadPoolExecutor.runWorker(ThreadPoolExecutor.java:1128)\n\tat java.base/java.util.concurrent.ThreadPoolExecutor$Worker.run(ThreadPoolExecutor.java:628)\n\tat java.base/java.lang.Thread.run(Thread.java:834)\nCaused by: io.cucumber.core.backend.CucumberBackendException: Error creating bean with name \u0027com.learn.SpringBasic.steps.Hooks\u0027: Unsatisfied dependency expressed through field \u0027webDriver\u0027; nested exception is org.springframework.beans.factory.NoUniqueBeanDefinitionException: No qualifying bean of type \u0027org.openqa.selenium.WebDriver\u0027 available: expected single matching bean but found 2: getRemoteWebDriverForChrome,getChromeDriver\n\tat io.cucumber.spring.SpringFactory.getInstance(SpringFactory.java:165)\n\tat io.cucumber.java.AbstractGlueDefinition.invokeMethod(AbstractGlueDefinition.java:47)\n\tat io.cucumber.java.JavaHookDefinition.execute(JavaHookDefinition.java:59)\n\tat io.cucumber.core.runner.CoreHookDefinition.execute(CoreHookDefinition.java:46)\n\tat io.cucumber.core.runner.HookDefinitionMatch.runStep(HookDefinitionMatch.java:21)\n\t... 24 more\nCaused by: org.springframework.beans.factory.UnsatisfiedDependencyException: Error creating bean with name \u0027com.learn.SpringBasic.steps.Hooks\u0027: Unsatisfied dependency expressed through field \u0027webDriver\u0027; nested exception is org.springframework.beans.factory.NoUniqueBeanDefinitionException: No qualifying bean of type \u0027org.openqa.selenium.WebDriver\u0027 available: expected single matching bean but found 2: getRemoteWebDriverForChrome,getChromeDriver\n\tat org.springframework.beans.factory.annotation.AutowiredAnnotationBeanPostProcessor$AutowiredFieldElement.resolveFieldValue(AutowiredAnnotationBeanPostProcessor.java:660)\n\tat org.springframework.beans.factory.annotation.AutowiredAnnotationBeanPostProcessor$AutowiredFieldElement.inject(AutowiredAnnotationBeanPostProcessor.java:640)\n\tat org.springframework.beans.factory.annotation.InjectionMetadata.inject(InjectionMetadata.java:119)\n\tat org.springframework.beans.factory.annotation.AutowiredAnnotationBeanPostProcessor.postProcessProperties(AutowiredAnnotationBeanPostProcessor.java:399)\n\tat org.springframework.beans.factory.support.AbstractAutowireCapableBeanFactory.populateBean(AbstractAutowireCapableBeanFactory.java:1413)\n\tat org.springframework.beans.factory.support.AbstractAutowireCapableBeanFactory.doCreateBean(AbstractAutowireCapableBeanFactory.java:601)\n\tat org.springframework.beans.factory.support.AbstractAutowireCapableBeanFactory.createBean(AbstractAutowireCapableBeanFactory.java:524)\n\tat org.springframework.beans.factory.support.AbstractBeanFactory.lambda$doGetBean$1(AbstractBeanFactory.java:374)\n\tat io.cucumber.spring.CucumberScenarioScope.get(CucumberScenarioScope.java:13)\n\tat org.springframework.beans.factory.support.AbstractBeanFactory.doGetBean(AbstractBeanFactory.java:371)\n\tat org.springframework.beans.factory.support.AbstractBeanFactory.getBean(AbstractBeanFactory.java:233)\n\tat org.springframework.beans.factory.support.DefaultListableBeanFactory.resolveNamedBean(DefaultListableBeanFactory.java:1273)\n\tat org.springframework.beans.factory.support.DefaultListableBeanFactory.resolveNamedBean(DefaultListableBeanFactory.java:1234)\n\tat org.springframework.beans.factory.support.DefaultListableBeanFactory.resolveBean(DefaultListableBeanFactory.java:494)\n\tat org.springframework.beans.factory.support.DefaultListableBeanFactory.getBean(DefaultListableBeanFactory.java:349)\n\tat org.springframework.beans.factory.support.DefaultListableBeanFactory.getBean(DefaultListableBeanFactory.java:342)\n\tat org.springframework.context.support.AbstractApplicationContext.getBean(AbstractApplicationContext.java:1171)\n\tat io.cucumber.spring.TestContextAdaptor.getInstance(TestContextAdaptor.java:103)\n\tat io.cucumber.spring.SpringFactory.getInstance(SpringFactory.java:163)\n\t... 28 more\nCaused by: org.springframework.beans.factory.NoUniqueBeanDefinitionException: No qualifying bean of type \u0027org.openqa.selenium.WebDriver\u0027 available: expected single matching bean but found 2: getRemoteWebDriverForChrome,getChromeDriver\n\tat org.springframework.beans.factory.config.DependencyDescriptor.resolveNotUnique(DependencyDescriptor.java:220)\n\tat org.springframework.beans.factory.support.DefaultListableBeanFactory.doResolveDependency(DefaultListableBeanFactory.java:1358)\n\tat org.springframework.beans.factory.support.DefaultListableBeanFactory.resolveDependency(DefaultListableBeanFactory.java:1300)\n\tat org.springframework.beans.factory.annotation.AutowiredAnnotationBeanPostProcessor$AutowiredFieldElement.resolveFieldValue(AutowiredAnnotationBeanPostProcessor.java:657)\n\t... 46 more\n",
              "duration": 920000,
              "status": "failed"
            },
            "match": {
              "location": "com.learn.SpringBasic.steps.Hooks.TearDownTest(io.cucumber.java.Scenario)"
            }
          }
        ],
        "type": "scenario",
        "keyword": "Scenario",
        "steps": [
          {
            "result": {
              "duration": 29000,
              "status": "skipped"
            },
            "line": 5,
            "name": "I click login in Home Page",
            "match": {
              "location": "com.learn.SpringBasic.steps.LoginSteps.iClickLoginInHomePage()"
            },
            "keyword": "Given "
          },
          {
            "result": {
              "duration": 14000,
              "status": "skipped"
            },
            "line": 6,
            "name": "I enter the following for Login",
            "match": {
              "location": "com.learn.SpringBasic.steps.HomeSteps.iEnterTheFollowingForLogin(io.cucumber.datatable.DataTable)"
            },
            "rows": [
              {
                "cells": [
                  "username",
                  "password"
                ]
              },
              {
                "cells": [
                  "admin",
                  "password3"
                ]
              }
            ],
            "keyword": "And "
          },
          {
            "result": {
              "duration": 378000,
              "status": "skipped"
            },
            "line": 9,
            "name": "I click login button",
            "match": {
              "location": "com.learn.SpringBasic.steps.LoginSteps.iClickLoginButton()"
            },
            "keyword": "And "
          },
          {
            "result": {
              "duration": 96000,
              "status": "skipped"
            },
            "line": 10,
            "name": "I should see the userform page",
            "match": {
              "location": "com.learn.SpringBasic.steps.LoginSteps.iShouldSeeTheUserformPage()"
            },
            "keyword": "Then "
          },
          {
            "result": {
              "duration": 207000,
              "status": "skipped"
            },
            "line": 11,
            "name": "I click logout link",
            "match": {
              "location": "com.learn.SpringBasic.steps.LoginSteps.iClickLogoutLink()"
            },
            "keyword": "And "
          }
        ]
      },
      {
        "start_timestamp": "2021-10-30T09:28:42.358Z",
        "before": [
          {
            "result": {
              "error_message": "io.cucumber.core.exception.CucumberException: Could not invoke hook defined at \u0027com.learn.SpringBasic.steps.Hooks.InitializeTest()\u0027.\nIt appears there was a problem with the hook definition.\n\tat io.cucumber.core.runner.HookDefinitionMatch.couldNotInvokeHook(HookDefinitionMatch.java:30)\n\tat io.cucumber.core.runner.HookDefinitionMatch.runStep(HookDefinitionMatch.java:23)\n\tat io.cucumber.core.runner.ExecutionMode$1.execute(ExecutionMode.java:10)\n\tat io.cucumber.core.runner.TestStep.executeStep(TestStep.java:92)\n\tat io.cucumber.core.runner.TestStep.run(TestStep.java:64)\n\tat io.cucumber.core.runner.TestCase.run(TestCase.java:98)\n\tat io.cucumber.core.runner.Runner.runPickle(Runner.java:71)\n\tat io.cucumber.testng.TestNGCucumberRunner.lambda$runScenario$0(TestNGCucumberRunner.java:116)\n\tat io.cucumber.core.runtime.CucumberExecutionContext.runTestCase(CucumberExecutionContext.java:117)\n\tat io.cucumber.testng.TestNGCucumberRunner.runScenario(TestNGCucumberRunner.java:113)\n\tat io.cucumber.testng.AbstractTestNGCucumberTests.runScenario(AbstractTestNGCucumberTests.java:31)\n\tat java.base/jdk.internal.reflect.NativeMethodAccessorImpl.invoke0(Native Method)\n\tat java.base/jdk.internal.reflect.NativeMethodAccessorImpl.invoke(NativeMethodAccessorImpl.java:62)\n\tat java.base/jdk.internal.reflect.DelegatingMethodAccessorImpl.invoke(DelegatingMethodAccessorImpl.java:43)\n\tat java.base/java.lang.reflect.Method.invoke(Method.java:566)\n\tat org.testng.internal.MethodInvocationHelper.invokeMethod(MethodInvocationHelper.java:133)\n\tat org.testng.internal.TestInvoker.invokeMethod(TestInvoker.java:598)\n\tat org.testng.internal.TestInvoker.invokeTestMethod(TestInvoker.java:173)\n\tat org.testng.internal.TestMethodWithDataProviderMethodWorker.call(TestMethodWithDataProviderMethodWorker.java:77)\n\tat org.testng.internal.TestMethodWithDataProviderMethodWorker.call(TestMethodWithDataProviderMethodWorker.java:15)\n\tat java.base/java.util.concurrent.FutureTask.run(FutureTask.java:264)\n\tat java.base/java.util.concurrent.Executors$RunnableAdapter.call(Executors.java:515)\n\tat java.base/java.util.concurrent.FutureTask.run(FutureTask.java:264)\n\tat java.base/java.util.concurrent.ThreadPoolExecutor.runWorker(ThreadPoolExecutor.java:1128)\n\tat java.base/java.util.concurrent.ThreadPoolExecutor$Worker.run(ThreadPoolExecutor.java:628)\n\tat java.base/java.lang.Thread.run(Thread.java:834)\nCaused by: io.cucumber.core.backend.CucumberBackendException: Error creating bean with name \u0027com.learn.SpringBasic.steps.Hooks\u0027: Unsatisfied dependency expressed through field \u0027webDriver\u0027; nested exception is org.springframework.beans.factory.NoUniqueBeanDefinitionException: No qualifying bean of type \u0027org.openqa.selenium.WebDriver\u0027 available: expected single matching bean but found 2: getRemoteWebDriverForChrome,getChromeDriver\n\tat io.cucumber.spring.SpringFactory.getInstance(SpringFactory.java:165)\n\tat io.cucumber.java.AbstractGlueDefinition.invokeMethod(AbstractGlueDefinition.java:47)\n\tat io.cucumber.java.JavaHookDefinition.execute(JavaHookDefinition.java:59)\n\tat io.cucumber.core.runner.CoreHookDefinition.execute(CoreHookDefinition.java:46)\n\tat io.cucumber.core.runner.HookDefinitionMatch.runStep(HookDefinitionMatch.java:21)\n\t... 24 more\nCaused by: org.springframework.beans.factory.UnsatisfiedDependencyException: Error creating bean with name \u0027com.learn.SpringBasic.steps.Hooks\u0027: Unsatisfied dependency expressed through field \u0027webDriver\u0027; nested exception is org.springframework.beans.factory.NoUniqueBeanDefinitionException: No qualifying bean of type \u0027org.openqa.selenium.WebDriver\u0027 available: expected single matching bean but found 2: getRemoteWebDriverForChrome,getChromeDriver\n\tat org.springframework.beans.factory.annotation.AutowiredAnnotationBeanPostProcessor$AutowiredFieldElement.resolveFieldValue(AutowiredAnnotationBeanPostProcessor.java:660)\n\tat org.springframework.beans.factory.annotation.AutowiredAnnotationBeanPostProcessor$AutowiredFieldElement.inject(AutowiredAnnotationBeanPostProcessor.java:640)\n\tat org.springframework.beans.factory.annotation.InjectionMetadata.inject(InjectionMetadata.java:119)\n\tat org.springframework.beans.factory.annotation.AutowiredAnnotationBeanPostProcessor.postProcessProperties(AutowiredAnnotationBeanPostProcessor.java:399)\n\tat org.springframework.beans.factory.support.AbstractAutowireCapableBeanFactory.populateBean(AbstractAutowireCapableBeanFactory.java:1413)\n\tat org.springframework.beans.factory.support.AbstractAutowireCapableBeanFactory.doCreateBean(AbstractAutowireCapableBeanFactory.java:601)\n\tat org.springframework.beans.factory.support.AbstractAutowireCapableBeanFactory.createBean(AbstractAutowireCapableBeanFactory.java:524)\n\tat org.springframework.beans.factory.support.AbstractBeanFactory.lambda$doGetBean$1(AbstractBeanFactory.java:374)\n\tat io.cucumber.spring.CucumberScenarioScope.get(CucumberScenarioScope.java:13)\n\tat org.springframework.beans.factory.support.AbstractBeanFactory.doGetBean(AbstractBeanFactory.java:371)\n\tat org.springframework.beans.factory.support.AbstractBeanFactory.getBean(AbstractBeanFactory.java:233)\n\tat org.springframework.beans.factory.support.DefaultListableBeanFactory.resolveNamedBean(DefaultListableBeanFactory.java:1273)\n\tat org.springframework.beans.factory.support.DefaultListableBeanFactory.resolveNamedBean(DefaultListableBeanFactory.java:1234)\n\tat org.springframework.beans.factory.support.DefaultListableBeanFactory.resolveBean(DefaultListableBeanFactory.java:494)\n\tat org.springframework.beans.factory.support.DefaultListableBeanFactory.getBean(DefaultListableBeanFactory.java:349)\n\tat org.springframework.beans.factory.support.DefaultListableBeanFactory.getBean(DefaultListableBeanFactory.java:342)\n\tat org.springframework.context.support.AbstractApplicationContext.getBean(AbstractApplicationContext.java:1171)\n\tat io.cucumber.spring.TestContextAdaptor.getInstance(TestContextAdaptor.java:103)\n\tat io.cucumber.spring.SpringFactory.getInstance(SpringFactory.java:163)\n\t... 28 more\nCaused by: org.springframework.beans.factory.NoUniqueBeanDefinitionException: No qualifying bean of type \u0027org.openqa.selenium.WebDriver\u0027 available: expected single matching bean but found 2: getRemoteWebDriverForChrome,getChromeDriver\n\tat org.springframework.beans.factory.config.DependencyDescriptor.resolveNotUnique(DependencyDescriptor.java:220)\n\tat org.springframework.beans.factory.support.DefaultListableBeanFactory.doResolveDependency(DefaultListableBeanFactory.java:1358)\n\tat org.springframework.beans.factory.support.DefaultListableBeanFactory.resolveDependency(DefaultListableBeanFactory.java:1300)\n\tat org.springframework.beans.factory.annotation.AutowiredAnnotationBeanPostProcessor$AutowiredFieldElement.resolveFieldValue(AutowiredAnnotationBeanPostProcessor.java:657)\n\t... 46 more\n",
              "duration": 12595000,
              "status": "failed"
            },
            "match": {
              "location": "com.learn.SpringBasic.steps.Hooks.InitializeTest()"
            }
          }
        ],
        "line": 13,
        "name": "Login with correct username and password 4",
        "description": "",
        "id": "loginfeature-again;login-with-correct-username-and-password-4",
        "after": [
          {
            "result": {
              "error_message": "io.cucumber.core.exception.CucumberException: Could not invoke hook defined at \u0027com.learn.SpringBasic.steps.Hooks.TearDownTest(io.cucumber.java.Scenario)\u0027.\nIt appears there was a problem with the hook definition.\n\tat io.cucumber.core.runner.HookDefinitionMatch.couldNotInvokeHook(HookDefinitionMatch.java:30)\n\tat io.cucumber.core.runner.HookDefinitionMatch.runStep(HookDefinitionMatch.java:23)\n\tat io.cucumber.core.runner.ExecutionMode$1.execute(ExecutionMode.java:10)\n\tat io.cucumber.core.runner.TestStep.executeStep(TestStep.java:92)\n\tat io.cucumber.core.runner.TestStep.run(TestStep.java:64)\n\tat io.cucumber.core.runner.TestCase.run(TestCase.java:110)\n\tat io.cucumber.core.runner.Runner.runPickle(Runner.java:71)\n\tat io.cucumber.testng.TestNGCucumberRunner.lambda$runScenario$0(TestNGCucumberRunner.java:116)\n\tat io.cucumber.core.runtime.CucumberExecutionContext.runTestCase(CucumberExecutionContext.java:117)\n\tat io.cucumber.testng.TestNGCucumberRunner.runScenario(TestNGCucumberRunner.java:113)\n\tat io.cucumber.testng.AbstractTestNGCucumberTests.runScenario(AbstractTestNGCucumberTests.java:31)\n\tat java.base/jdk.internal.reflect.NativeMethodAccessorImpl.invoke0(Native Method)\n\tat java.base/jdk.internal.reflect.NativeMethodAccessorImpl.invoke(NativeMethodAccessorImpl.java:62)\n\tat java.base/jdk.internal.reflect.DelegatingMethodAccessorImpl.invoke(DelegatingMethodAccessorImpl.java:43)\n\tat java.base/java.lang.reflect.Method.invoke(Method.java:566)\n\tat org.testng.internal.MethodInvocationHelper.invokeMethod(MethodInvocationHelper.java:133)\n\tat org.testng.internal.TestInvoker.invokeMethod(TestInvoker.java:598)\n\tat org.testng.internal.TestInvoker.invokeTestMethod(TestInvoker.java:173)\n\tat org.testng.internal.TestMethodWithDataProviderMethodWorker.call(TestMethodWithDataProviderMethodWorker.java:77)\n\tat org.testng.internal.TestMethodWithDataProviderMethodWorker.call(TestMethodWithDataProviderMethodWorker.java:15)\n\tat java.base/java.util.concurrent.FutureTask.run(FutureTask.java:264)\n\tat java.base/java.util.concurrent.Executors$RunnableAdapter.call(Executors.java:515)\n\tat java.base/java.util.concurrent.FutureTask.run(FutureTask.java:264)\n\tat java.base/java.util.concurrent.ThreadPoolExecutor.runWorker(ThreadPoolExecutor.java:1128)\n\tat java.base/java.util.concurrent.ThreadPoolExecutor$Worker.run(ThreadPoolExecutor.java:628)\n\tat java.base/java.lang.Thread.run(Thread.java:834)\nCaused by: io.cucumber.core.backend.CucumberBackendException: Error creating bean with name \u0027com.learn.SpringBasic.steps.Hooks\u0027: Unsatisfied dependency expressed through field \u0027webDriver\u0027; nested exception is org.springframework.beans.factory.NoUniqueBeanDefinitionException: No qualifying bean of type \u0027org.openqa.selenium.WebDriver\u0027 available: expected single matching bean but found 2: getRemoteWebDriverForChrome,getChromeDriver\n\tat io.cucumber.spring.SpringFactory.getInstance(SpringFactory.java:165)\n\tat io.cucumber.java.AbstractGlueDefinition.invokeMethod(AbstractGlueDefinition.java:47)\n\tat io.cucumber.java.JavaHookDefinition.execute(JavaHookDefinition.java:59)\n\tat io.cucumber.core.runner.CoreHookDefinition.execute(CoreHookDefinition.java:46)\n\tat io.cucumber.core.runner.HookDefinitionMatch.runStep(HookDefinitionMatch.java:21)\n\t... 24 more\nCaused by: org.springframework.beans.factory.UnsatisfiedDependencyException: Error creating bean with name \u0027com.learn.SpringBasic.steps.Hooks\u0027: Unsatisfied dependency expressed through field \u0027webDriver\u0027; nested exception is org.springframework.beans.factory.NoUniqueBeanDefinitionException: No qualifying bean of type \u0027org.openqa.selenium.WebDriver\u0027 available: expected single matching bean but found 2: getRemoteWebDriverForChrome,getChromeDriver\n\tat org.springframework.beans.factory.annotation.AutowiredAnnotationBeanPostProcessor$AutowiredFieldElement.resolveFieldValue(AutowiredAnnotationBeanPostProcessor.java:660)\n\tat org.springframework.beans.factory.annotation.AutowiredAnnotationBeanPostProcessor$AutowiredFieldElement.inject(AutowiredAnnotationBeanPostProcessor.java:640)\n\tat org.springframework.beans.factory.annotation.InjectionMetadata.inject(InjectionMetadata.java:119)\n\tat org.springframework.beans.factory.annotation.AutowiredAnnotationBeanPostProcessor.postProcessProperties(AutowiredAnnotationBeanPostProcessor.java:399)\n\tat org.springframework.beans.factory.support.AbstractAutowireCapableBeanFactory.populateBean(AbstractAutowireCapableBeanFactory.java:1413)\n\tat org.springframework.beans.factory.support.AbstractAutowireCapableBeanFactory.doCreateBean(AbstractAutowireCapableBeanFactory.java:601)\n\tat org.springframework.beans.factory.support.AbstractAutowireCapableBeanFactory.createBean(AbstractAutowireCapableBeanFactory.java:524)\n\tat org.springframework.beans.factory.support.AbstractBeanFactory.lambda$doGetBean$1(AbstractBeanFactory.java:374)\n\tat io.cucumber.spring.CucumberScenarioScope.get(CucumberScenarioScope.java:13)\n\tat org.springframework.beans.factory.support.AbstractBeanFactory.doGetBean(AbstractBeanFactory.java:371)\n\tat org.springframework.beans.factory.support.AbstractBeanFactory.getBean(AbstractBeanFactory.java:233)\n\tat org.springframework.beans.factory.support.DefaultListableBeanFactory.resolveNamedBean(DefaultListableBeanFactory.java:1273)\n\tat org.springframework.beans.factory.support.DefaultListableBeanFactory.resolveNamedBean(DefaultListableBeanFactory.java:1234)\n\tat org.springframework.beans.factory.support.DefaultListableBeanFactory.resolveBean(DefaultListableBeanFactory.java:494)\n\tat org.springframework.beans.factory.support.DefaultListableBeanFactory.getBean(DefaultListableBeanFactory.java:349)\n\tat org.springframework.beans.factory.support.DefaultListableBeanFactory.getBean(DefaultListableBeanFactory.java:342)\n\tat org.springframework.context.support.AbstractApplicationContext.getBean(AbstractApplicationContext.java:1171)\n\tat io.cucumber.spring.TestContextAdaptor.getInstance(TestContextAdaptor.java:103)\n\tat io.cucumber.spring.SpringFactory.getInstance(SpringFactory.java:163)\n\t... 28 more\nCaused by: org.springframework.beans.factory.NoUniqueBeanDefinitionException: No qualifying bean of type \u0027org.openqa.selenium.WebDriver\u0027 available: expected single matching bean but found 2: getRemoteWebDriverForChrome,getChromeDriver\n\tat org.springframework.beans.factory.config.DependencyDescriptor.resolveNotUnique(DependencyDescriptor.java:220)\n\tat org.springframework.beans.factory.support.DefaultListableBeanFactory.doResolveDependency(DefaultListableBeanFactory.java:1358)\n\tat org.springframework.beans.factory.support.DefaultListableBeanFactory.resolveDependency(DefaultListableBeanFactory.java:1300)\n\tat org.springframework.beans.factory.annotation.AutowiredAnnotationBeanPostProcessor$AutowiredFieldElement.resolveFieldValue(AutowiredAnnotationBeanPostProcessor.java:657)\n\t... 46 more\n",
              "duration": 1401000,
              "status": "failed"
            },
            "match": {
              "location": "com.learn.SpringBasic.steps.Hooks.TearDownTest(io.cucumber.java.Scenario)"
            }
          }
        ],
        "type": "scenario",
        "keyword": "Scenario",
        "steps": [
          {
            "result": {
              "duration": 29000,
              "status": "skipped"
            },
            "line": 14,
            "name": "I click login in Home Page",
            "match": {
              "location": "com.learn.SpringBasic.steps.LoginSteps.iClickLoginInHomePage()"
            },
            "keyword": "Given "
          },
          {
            "result": {
              "duration": 24000,
              "status": "skipped"
            },
            "line": 15,
            "name": "I enter the following for Login",
            "match": {
              "location": "com.learn.SpringBasic.steps.HomeSteps.iEnterTheFollowingForLogin(io.cucumber.datatable.DataTable)"
            },
            "rows": [
              {
                "cells": [
                  "username",
                  "password"
                ]
              },
              {
                "cells": [
                  "admin",
                  "password4"
                ]
              }
            ],
            "keyword": "And "
          },
          {
            "result": {
              "duration": 27000,
              "status": "skipped"
            },
            "line": 18,
            "name": "I click login button",
            "match": {
              "location": "com.learn.SpringBasic.steps.LoginSteps.iClickLoginButton()"
            },
            "keyword": "And "
          },
          {
            "result": {
              "duration": 264000,
              "status": "skipped"
            },
            "line": 19,
            "name": "I should see the userform page",
            "match": {
              "location": "com.learn.SpringBasic.steps.LoginSteps.iShouldSeeTheUserformPage()"
            },
            "keyword": "Then "
          }
        ]
      }
    ],
    "name": "LoginFeature Again",
    "description": "  This feature deals with the login functionality of the application",
    "id": "loginfeature-again",
    "keyword": "Feature",
    "uri": "file:src/test/java/com/learn/SpringBasic/features/Login_Again.feature",
    "tags": []
  }
]